<?xml version="1.0" encoding="utf-8"?><testsuites><testsuite name="pytest" errors="0" failures="0" skipped="0" tests="261" time="27.721" timestamp="2026-09-18T12:53:11.324768" hostname="Raze"><testcase classname="amr_fleet_core.test.test_cbba_allocation" name="test_cbba_allocator_empty_inputs" time="0.001" /><testcase classname="amr_fleet_core.test.test_cbba_allocation" name="test_cbba_allocator_single_robot" time="0.000" /><testcase classname="amr_fleet_core.test.test_cbba_allocation" name="test_cbba_allocator_multi_robot_no_duplicate_assignment" time="0.002" /><testcase classname="amr_fleet_core.test.test_cbba_allocation" name="test_cbba_allocator_determinism" time="0.014" /><testcase classname="amr_fleet_core.test.test_cbba_bidding" name="test_cbba_utility_respects_distance" time="0.000" /><testcase classname="amr_fleet_core.test.test_cbba_bidding" name="test_cbba_utility_respects_priority" time="0.000" /><testcase classname="amr_fleet_core.test.test_cbba_bidding" name="test_cbba_deadline_lateness_penalty" time="0.000" /><testcase classname="amr_fleet_core.test.test_cbba_bidding" name="test_cbba_bundle_capacity_limit" time="0.000" /><testcase classname="amr_fleet_core.test.test_cbba_consensus" name="test_cbba_outbid_and_cascade_drop" time="0.000" /><testcase classname="amr_fleet_core.test.test_cbba_consensus" name="test_cbba_deterministic_tie_breaking" time="0.000" /><testcase classname="amr_fleet_core.test.test_copyright" name="test_copyright" time="0.064" /><testcase classname="amr_fleet_core.test.test_fault_resilience.TestFaultDetector" name="test_explicit_peer_failure_report" time="0.001" /><testcase classname="amr_fleet_core.test.test_fault_resilience.TestFaultDetector" name="test_fault_injection_kill" time="0.000" /><testcase classname="amr_fleet_core.test.test_fault_resilience.TestFaultDetector" name="test_initial_state_healthy" time="0.000" /><testcase classname="amr_fleet_core.test.test_fault_resilience.TestFaultDetector" name="test_peer_heartbeat_and_timeout" time="0.000" /><testcase classname="amr_fleet_core.test.test_fault_resilience.TestCBBAPeerFailureReset" name="test_purge_failed_peer_tasks" time="0.000" /><testcase classname="amr_fleet_core.test.test_fault_resilience.TestCBBAPeerFailureReset" name="test_rebidding_after_peer_purge" time="0.001" /><testcase classname="amr_fleet_core.test.test_fault_resilience.TestReservationClearingOnFailure" name="test_release_robot_clears_all_reservations" time="0.001" /><testcase classname="amr_fleet_core.test.test_fault_resilience.TestTaskReclamationLifecycle" name="test_reclaim_assigned_task_to_pending" time="0.000" /><testcase classname="amr_fleet_core.test.test_fault_resilience.TestTaskReclamationLifecycle" name="test_reclaim_in_progress_task_to_pending" time="0.000" /><testcase classname="amr_fleet_core.test.test_fault_resilience.TestStrandedChassisObstacleAvoidance" name="test_path_reroutes_around_dead_robot" time="0.000" /><testcase classname="amr_fleet_core.test.test_fault_resilience.TestStateSemanticsAndCapabilities" name="test_all_state_capabilities" time="0.000" /><testcase classname="amr_fleet_core.test.test_fault_resilience.TestPeerRestorationAndCommLoss" name="test_comm_loss_vs_failure_distinction" time="0.000" /><testcase classname="amr_fleet_core.test.test_fault_resilience.TestPeerRestorationAndCommLoss" name="test_peer_restoration_lifecycle" time="0.000" /><testcase classname="amr_fleet_core.test.test_fault_resilience.TestTaskReclamationRaceConditions" name="test_case_a_single_peer_detects_failure" time="0.001" /><testcase classname="amr_fleet_core.test.test_fault_resilience.TestTaskReclamationRaceConditions" name="test_case_b_and_c_simultaneous_peer_detections_and_requeue" time="0.000" /><testcase classname="amr_fleet_core.test.test_fault_resilience.TestTaskReclamationRaceConditions" name="test_case_d_and_f_stale_requeue_after_reassignment" time="0.000" /><testcase classname="amr_fleet_core.test.test_fault_resilience.TestTaskReclamationRaceConditions" name="test_case_e_task_already_pending" time="0.000" /><testcase classname="amr_fleet_core.test.test_fault_resilience.TestTaskReclamationRaceConditions" name="test_case_i_multiple_tasks_belong_to_failed_robot" time="0.000" /><testcase classname="amr_fleet_core.test.test_fault_resilience.TestFailedChassisLifecycleRestoration" name="test_obstacle_lifecycle_and_path_restoration" time="0.001" /><testcase classname="amr_fleet_core.test.test_flake8" name="test_flake8" time="1.076" /><testcase classname="amr_fleet_core.test.test_fleet_state" name="test_robot_info_creation_and_dict" time="0.000" /><testcase classname="amr_fleet_core.test.test_fleet_state" name="test_fleet_state_manual_registration" time="0.000" /><testcase classname="amr_fleet_core.test.test_fleet_state" name="test_fleet_state_from_yaml" time="0.003" /><testcase classname="amr_fleet_core.test.test_fleet_state" name="test_fleet_state_from_topics" time="0.000" /><testcase classname="amr_fleet_core.test.test_interfaces" name="test_cannot_instantiate_abstract_task_allocator" time="0.000" /><testcase classname="amr_fleet_core.test.test_interfaces" name="test_cannot_instantiate_abstract_global_planner" time="0.000" /><testcase classname="amr_fleet_core.test.test_interfaces" name="test_cannot_instantiate_abstract_local_planner" time="0.000" /><testcase classname="amr_fleet_core.test.test_interfaces" name="test_cannot_instantiate_abstract_deadlock_manager" time="0.000" /><testcase classname="amr_fleet_core.test.test_interfaces" name="test_cannot_instantiate_abstract_metrics_collector" time="0.000" /><testcase classname="amr_fleet_core.test.test_interfaces" name="test_concrete_mock_task_allocator" time="0.000" /><testcase classname="amr_fleet_core.test.test_m2_network_resilience.TestM2FaultAndNetworkStates" name="test_can_move_semantics" time="0.001" /><testcase classname="amr_fleet_core.test.test_m2_network_resilience.TestM2FaultAndNetworkStates" name="test_local_autonomy_permission" time="0.000" /><testcase classname="amr_fleet_core.test.test_m2_network_resilience.TestM2FaultDetectorNetworkHandling" name="test_comm_loss_vs_failed_detection" time="0.001" /><testcase classname="amr_fleet_core.test.test_m2_network_resilience.TestM2FaultDetectorNetworkHandling" name="test_false_failure_protection" time="0.000" /><testcase classname="amr_fleet_core.test.test_m2_network_resilience.TestM2FaultDetectorNetworkHandling" name="test_network_fault_injection_and_recovery" time="0.000" /><testcase classname="amr_fleet_core.test.test_m2_network_resilience.TestM2CBBAReconnectionReconciliation" name="test_retain_task_if_local_newer_or_unchanged" time="0.000" /><testcase classname="amr_fleet_core.test.test_m2_network_resilience.TestM2CBBAReconnectionReconciliation" name="test_yield_reclaimed_task_newer_timestamp" time="0.000" /><testcase classname="amr_fleet_core.test.test_m2_network_resilience.TestM2CBBAReconnectionReconciliation" name="test_zero_duplicate_ownership_invariant" time="0.000" /><testcase classname="amr_fleet_core.test.test_m2_network_resilience.TestM2LocalAutonomyAndReservations" name="test_reservation_hold_on_expiration" time="0.000" /><testcase classname="amr_fleet_core.test.test_m2_network_resilience.TestM2LocalAutonomyAndReservations" name="test_stale_state_manager_classification" time="0.000" /><testcase classname="amr_fleet_core.test.test_m2_network_resilience.TestM2HighPacketLossImpairment" name="test_loss_high_profile_stochastic" time="0.002" /><testcase classname="amr_fleet_core.test.test_m2_network_resilience.TestM2NetworkPartition" name="test_partition_message_filtering" time="0.001" /><testcase classname="amr_fleet_core.test.test_m3_adversarial_resilience.TestM3AdversarialResilience" name="test_adversarial_injector_isolation" time="0.001" /><testcase classname="amr_fleet_core.test.test_m3_adversarial_resilience.TestM3AdversarialResilience" name="test_bounded_local_recovery_sidestep_and_hold" time="0.001" /><testcase classname="amr_fleet_core.test.test_m3_adversarial_resilience.TestM3AdversarialResilience" name="test_footprint_aware_and_reservation_aware_clearance" time="0.000" /><testcase classname="amr_fleet_core.test.test_m3_adversarial_resilience.TestM3AdversarialResilience" name="test_graph_withdrawal_and_dynamic_reroute" time="0.000" /><testcase classname="amr_fleet_core.test.test_m3_adversarial_resilience.TestM3AdversarialResilience" name="test_local_obstacle_detector_immediate_hazard_brake" time="0.000" /><testcase classname="amr_fleet_core.test.test_m3_adversarial_resilience.TestM3AdversarialResilience" name="test_local_obstacle_detector_laserscan_mapping" time="0.001" /><testcase classname="amr_fleet_core.test.test_m3_adversarial_resilience.TestM3AdversarialResilience" name="test_pibt_fallback_under_conflict_and_telemetry_schema" time="0.000" /><testcase classname="amr_fleet_core.test.test_m3_adversarial_resilience.TestM3AdversarialResilience" name="test_problematic_location_robot_failure_m3_h" time="0.001" /><testcase classname="amr_fleet_core.test.test_m3_adversarial_resilience.TestM3AdversarialResilience" name="test_reservation_table_invalidate_cells" time="0.001" /><testcase classname="amr_fleet_core.test.test_m3_adversarial_resilience.TestM3AdversarialResilience" name="test_sensor_only_dynamic_obstacle_m3_b2" time="0.001" /><testcase classname="amr_fleet_core.test.test_m3_adversarial_resilience.TestM3AdversarialResilience" name="test_sensor_vs_oracle_separation" time="0.001" /><testcase classname="amr_fleet_core.test.test_m3_adversarial_resilience.TestM3AdversarialResilience" name="test_synthetic_reservation_conflict_injection_non_corrupting" time="0.001" /><testcase classname="amr_fleet_core.test.test_m3_adversarial_resilience.TestM3AdversarialResilience" name="test_timing_metrics_separation" time="0.001" /><testcase classname="amr_fleet_core.test.test_m4_compound_resilience.TestM4CompoundResilience" name="test_compound_fault_injection_model" time="0.001" /><testcase classname="amr_fleet_core.test.test_m4_compound_resilience.TestM4CompoundResilience" name="test_m4_a_robot_failure_plus_dynamic_blockage" time="0.001" /><testcase classname="amr_fleet_core.test.test_m4_compound_resilience.TestM4CompoundResilience" name="test_m4_b_robot_failure_plus_comm_loss_discrimination" time="0.000" /><testcase classname="amr_fleet_core.test.test_m4_compound_resilience.TestM4CompoundResilience" name="test_m4_c_multiple_overlapping_robot_failures" time="0.001" /><testcase classname="amr_fleet_core.test.test_m4_compound_resilience.TestM4CompoundResilience" name="test_m4_d_robot_failure_plus_sensor_obstacle_separation" time="0.000" /><testcase classname="amr_fleet_core.test.test_m4_compound_resilience.TestM4CompoundResilience" name="test_m4_e_network_partition_plus_robot_failure_reconciliation" time="0.000" /><testcase classname="amr_fleet_core.test.test_m4_compound_resilience.TestM4CompoundResilience" name="test_m4_f_network_loss_plus_dynamic_blockage_bounded_autonomy" time="0.000" /><testcase classname="amr_fleet_core.test.test_m4_compound_resilience.TestM4CompoundResilience" name="test_m4_g_master_compound_quad_failure" time="0.000" /><testcase classname="amr_fleet_core.test.test_m4_compound_resilience.TestM4CompoundResilience" name="test_orthogonal_state_tuple_constraints" time="0.000" /><testcase classname="amr_fleet_core.test.test_m4_compound_resilience.TestM4CompoundResilience" name="test_race1_dual_task_reclamation_cas_mitigation" time="0.000" /><testcase classname="amr_fleet_core.test.test_m4_compound_resilience.TestM4CompoundResilience" name="test_race2_stale_reservation_resurrection_prevention" time="0.000" /><testcase classname="amr_fleet_core.test.test_m4_compound_resilience.TestM4CompoundResilience" name="test_race3_choke_point_failure_perception_primacy" time="0.000" /><testcase classname="amr_fleet_core.test.test_m4_compound_resilience.TestM4CompoundResilience" name="test_race4_partition_split_brain_task_reconciliation" time="0.000" /><testcase classname="amr_fleet_core.test.test_m6_conflicts" name="test_vertex_conflict_detection" time="0.000" /><testcase classname="amr_fleet_core.test.test_m6_conflicts" name="test_edge_swap_conflict_detection" time="0.000" /><testcase classname="amr_fleet_core.test.test_m6_conflicts" name="test_same_cell_waiting_conflict" time="0.000" /><testcase classname="amr_fleet_core.test.test_m6_conflicts" name="test_no_conflict_parallel_and_time_separated" time="0.000" /><testcase classname="amr_fleet_core.test.test_m6_conflicts" name="test_pairwise_fleet_conflicts" time="0.000" /><testcase classname="amr_fleet_core.test.test_m6_coordination_integration" name="test_m5_to_m6_vertex_conflict_resolution" time="0.003" /><testcase classname="amr_fleet_core.test.test_m6_coordination_integration" name="test_m5_to_m6_edge_swap_prevention" time="0.001" /><testcase classname="amr_fleet_core.test.test_m6_pibt" name="test_candidate_generation" time="0.000" /><testcase classname="amr_fleet_core.test.test_m6_pibt" name="test_deterministic_priorities" time="0.000" /><testcase classname="amr_fleet_core.test.test_m6_pibt" name="test_priority_inheritance_push" time="0.000" /><testcase classname="amr_fleet_core.test.test_m6_pibt" name="test_pibt_backtracking_when_blocked" time="0.000" /><testcase classname="amr_fleet_core.test.test_m6_pibt" name="test_pibt_bitwise_determinism" time="0.001" /><testcase classname="amr_fleet_core.test.test_m6_reservations" name="test_vertex_reservation_basic" time="0.000" /><testcase classname="amr_fleet_core.test.test_m6_reservations" name="test_edge_reservation_and_swap_rejection" time="0.000" /><testcase classname="amr_fleet_core.test.test_m6_reservations" name="test_reservation_release" time="0.000" /><testcase classname="amr_fleet_core.test.test_m6_reservations" name="test_rolling_horizon_expiration" time="0.000" /><testcase classname="amr_fleet_core.test.test_m6_wfg_deadlock" name="test_wfg_no_cycle" time="0.000" /><testcase classname="amr_fleet_core.test.test_m6_wfg_deadlock" name="test_wfg_two_node_cycle" time="0.000" /><testcase classname="amr_fleet_core.test.test_m6_wfg_deadlock" name="test_wfg_three_node_cycle" time="0.000" /><testcase classname="amr_fleet_core.test.test_m6_wfg_deadlock" name="test_transient_wait_not_deadlock" time="0.000" /><testcase classname="amr_fleet_core.test.test_m6_wfg_deadlock" name="test_persistent_deadlock_detection" time="0.000" /><testcase classname="amr_fleet_core.test.test_m6_wfg_deadlock" name="test_deadlock_recovery_sidestep" time="0.000" /><testcase classname="amr_fleet_core.test.test_m7_comm_impairment" name="test_zero_latency_and_loss" time="0.000" /><testcase classname="amr_fleet_core.test.test_m7_comm_impairment" name="test_fixed_latency_and_jitter_bounds" time="0.000" /><testcase classname="amr_fleet_core.test.test_m7_comm_impairment" name="test_deterministic_independent_loss" time="0.001" /><testcase classname="amr_fleet_core.test.test_m7_comm_impairment" name="test_gilbert_elliott_burst_loss" time="0.001" /><testcase classname="amr_fleet_core.test.test_m7_comm_impairment" name="test_outage_lifecycle" time="0.000" /><testcase classname="amr_fleet_core.test.test_m7_comm_impairment" name="test_reproducibility_seed" time="0.001" /><testcase classname="amr_fleet_core.test.test_m7_comm_impairment" name="test_partition_isolation" time="0.000" /><testcase classname="amr_fleet_core.test.test_m7_comm_impairment" name="test_delayed_message_queue" time="0.000" /><testcase classname="amr_fleet_core.test.test_m7_comm_impairment" name="test_stale_information_tracking" time="0.000" /><testcase classname="amr_fleet_core.test.test_m7_comm_impairment" name="test_stale_reservation_pruning" time="0.000" /><testcase classname="amr_fleet_core.test.test_m7_comm_impairment" name="test_reconnection_detection" time="0.000" /><testcase classname="amr_fleet_core.test.test_m7_comm_impairment" name="test_safety_invariance_under_network_failure" time="0.000" /><testcase classname="amr_fleet_core.test.test_m7_comm_path_authority.TestCommunicationPathAuthority" name="test_cbba_bid_authority_delay_profile" time="0.048" /><testcase classname="amr_fleet_core.test.test_m7_comm_path_authority.TestCommunicationPathAuthority" name="test_cbba_bid_authority_drop_profile" time="0.001" /><testcase classname="amr_fleet_core.test.test_m7_comm_path_authority.TestCommunicationPathAuthority" name="test_deadlock_event_authority" time="0.001" /><testcase classname="amr_fleet_core.test.test_m7_comm_path_authority.TestCommunicationPathAuthority" name="test_partition_authority_across_all_channels" time="0.000" /><testcase classname="amr_fleet_core.test.test_m7_comm_path_authority.TestCommunicationPathAuthority" name="test_reservation_authority_delay_profile" time="0.000" /><testcase classname="amr_fleet_core.test.test_m7_comm_path_authority.TestCommunicationPathAuthority" name="test_reservation_authority_drop_profile" time="0.001" /><testcase classname="amr_fleet_core.test.test_m7_comm_path_authority.TestCommunicationPathAuthority" name="test_wfg_coordination_status_authority" time="0.001" /><testcase classname="amr_fleet_core.test.test_m8a_benchmark.TestM8AWorkloadScaling" name="test_deterministic_seed_reproducibility" time="0.001" /><testcase classname="amr_fleet_core.test.test_m8a_benchmark.TestM8AWorkloadScaling" name="test_obstacle_avoidance" time="0.018" /><testcase classname="amr_fleet_core.test.test_m8a_benchmark.TestM8AWorkloadScaling" name="test_workload_file_loading_and_counts" time="0.018" /><testcase classname="amr_fleet_core.test.test_m8a_benchmark.TestM8ABenchmarkMetadataAndSchema" name="test_metadata_fields" time="0.002" /><testcase classname="amr_fleet_core.test.test_m8a_benchmark.TestM8ABenchmarkMetadataAndSchema" name="test_task_accounting_invariance" time="0.000" /><testcase classname="amr_fleet_core.test.test_m8a_benchmark.TestM8ABenchmarkMetadataAndSchema" name="test_termination_reasons" time="0.000" /><testcase classname="amr_fleet_core.test.test_m8a_benchmark.TestM8AStatisticalAggregation" name="test_aggregate_trials_multi_sample" time="0.001" /><testcase classname="amr_fleet_core.test.test_m8a_benchmark.TestM8AStatisticalAggregation" name="test_confidence_interval_suppressed_for_single_observation" time="0.000" /><testcase classname="amr_fleet_core.test.test_m8a_benchmark.TestM8AStatisticalAggregation" name="test_missing_and_nan_handling" time="0.000" /><testcase classname="amr_fleet_core.test.test_m8a_benchmark.TestM8AStatisticalAggregation" name="test_summarize_series_math" time="0.000" /><testcase classname="amr_fleet_core.test.test_m8b_adaptive_compute" name="test_compute_mode_configs" time="0.000" /><testcase classname="amr_fleet_core.test.test_m8b_adaptive_compute" name="test_compute_mode_fallback" time="0.000" /><testcase classname="amr_fleet_core.test.test_m8b_adaptive_compute" name="test_policy_initial_state" time="0.001" /><testcase classname="amr_fleet_core.test.test_m8b_adaptive_compute" name="test_degraded_comm_triggers_low" time="0.001" /><testcase classname="amr_fleet_core.test.test_m8b_adaptive_compute" name="test_packet_loss_triggers_low" time="0.001" /><testcase classname="amr_fleet_core.test.test_m8b_adaptive_compute" name="test_cpu_pressure_triggers_low" time="0.000" /><testcase classname="amr_fleet_core.test.test_m8b_adaptive_compute" name="test_spatial_contention_triggers_high" time="0.000" /><testcase classname="amr_fleet_core.test.test_m8b_adaptive_compute" name="test_degraded_network_preempts_spatial_contention" time="0.000" /><testcase classname="amr_fleet_core.test.test_m8b_adaptive_compute" name="test_anti_oscillation_dwell_time" time="0.000" /><testcase classname="amr_fleet_core.test.test_m8b_adaptive_compute" name="test_anti_oscillation_transient_spikes" time="0.000" /><testcase classname="amr_fleet_core.test.test_m8b_adaptive_compute" name="test_asymmetric_hysteresis_recovery" time="0.001" /><testcase classname="amr_fleet_core.test.test_m8b_adaptive_compute" name="test_fail_safe_fallback" time="0.000" /><testcase classname="amr_fleet_core.test.test_m8b_adaptive_compute" name="test_deterministic_replay" time="0.000" /><testcase classname="amr_fleet_core.test.test_m8b_adaptive_compute" name="test_occupancy_stats_calculation" time="0.000" /><testcase classname="amr_fleet_core.test.test_m9_v2_headway_reservation" name="test_headway_conflict_single_lane_convoy" time="0.001" /><testcase classname="amr_fleet_core.test.test_m9_v2_headway_reservation" name="test_headway_allowed_at_safe_distance" time="0.001" /><testcase classname="amr_fleet_core.test.test_m9_v2_headway_reservation" name="test_headway_self_idempotence" time="0.001" /><testcase classname="amr_fleet_core.test.test_m9_v2_headway_reservation" name="test_headway_horizontal_aisle" time="0.001" /><testcase classname="amr_fleet_core.test.test_m9_v2_remediation.TestM9V2Remediation" name="test_all_10_spawn_poses_clear" time="0.018" /><testcase classname="amr_fleet_core.test.test_m9_v2_remediation.TestM9V2Remediation" name="test_map_yaml_and_sdf_coordinates_match" time="0.014" /><testcase classname="amr_fleet_core.test.test_m9_v2_remediation.TestM9V2Remediation" name="test_north_cross_aisle_widened_geometry" time="0.017" /><testcase classname="amr_fleet_core.test.test_m9_v2_remediation.TestM9V2Remediation" name="test_pickup_stations_transit_buffer" time="0.003" /><testcase classname="amr_fleet_core.test.test_m9_v2_remediation.TestM9V2Remediation" name="test_sat_collision_canonical_breach_overlap" time="0.000" /><testcase classname="amr_fleet_core.test.test_m9_v2_remediation.TestM9V2Remediation" name="test_sat_collision_overlapping_along_x" time="0.000" /><testcase classname="amr_fleet_core.test.test_m9_v2_remediation.TestM9V2Remediation" name="test_sat_collision_separated_along_x" time="0.000" /><testcase classname="amr_fleet_core.test.test_m9_v2_remediation.TestM9V2Remediation" name="test_sat_collision_side_by_side_clearance" time="0.000" /><testcase classname="amr_fleet_core.test.test_m9_v2_remediation.TestM9V2Remediation" name="test_sat_collision_side_by_side_overlap" time="0.000" /><testcase classname="amr_fleet_core.test.test_m9_v2_remediation.TestM9V2Remediation" name="test_standard_metrics_separated_fields" time="0.001" /><testcase classname="amr_fleet_core.test.test_m9_v2_remediation.TestM9V2Remediation" name="test_statistical_aggregation_separated_metrics" time="0.001" /><testcase classname="amr_fleet_core.test.test_m9_v2_remediation.TestM9V2Remediation" name="test_workload_30_tasks_reachability" time="0.060" /><testcase classname="amr_fleet_core.test.test_m9_v2_safety_backstop" name="test_peer_proximity_hazard_directly_ahead" time="0.124" /><testcase classname="amr_fleet_core.test.test_m9_v2_safety_backstop" name="test_peer_proximity_hazard_peer_behind" time="0.027" /><testcase classname="amr_fleet_core.test.test_m9_v2_safety_backstop" name="test_peer_proximity_hazard_lateral_aisle" time="1.202" /><testcase classname="amr_fleet_core.test.test_m9_v2_safety_backstop" name="test_peer_proximity_hazard_safe_headway" time="0.041" /><testcase classname="amr_fleet_core.test.test_m9_v2_station_resource" name="test_station_staging_buffer_holds_when_bay_occupied" time="0.036" /><testcase classname="amr_fleet_core.test.test_m9_v2_station_resource" name="test_station_staging_releases_when_bay_cleared" time="0.052" /><testcase classname="amr_fleet_core.test.test_m9_v2_station_resource" name="test_station_staging_bypassed_for_other_destinations" time="1.540" /><testcase classname="amr_fleet_core.test.test_m9_v2_waypoint_consistency" name="test_all_16_stations_target_continuous_coordinates" time="0.103" /><testcase classname="amr_fleet_core.test.test_m9_v2_waypoint_consistency" name="test_pilot_2_stall_condition_resolved" time="0.058" /><testcase classname="amr_fleet_core.test.test_m9_v2_waypoint_consistency" name="test_replan_trigger_on_waypoint_exhaustion" time="0.055" /><testcase classname="amr_fleet_core.test.test_m9_v3_a_aisle_blockage" name="test_dynamic_obstacle_cells_added_and_removed" time="0.000" /><testcase classname="amr_fleet_core.test.test_m9_v3_a_aisle_blockage" name="test_astar_routes_around_blocked_cells_and_restores" time="0.000" /><testcase classname="amr_fleet_core.test.test_m9_v3_a_aisle_blockage" name="test_path_intersection_detection" time="0.000" /><testcase classname="amr_fleet_core.test.test_m9_v3_a_aisle_blockage" name="test_in_progress_task_preserved_on_reroute" time="0.419" /><testcase classname="amr_fleet_core.test.test_m9_v3_a_aisle_blockage" name="test_reservations_invalidated_and_recomputed" time="0.000" /><testcase classname="amr_fleet_core.test.test_m9_v3_a_aisle_blockage" name="test_blockage_events_are_deterministic" time="0.000" /><testcase classname="amr_fleet_core.test.test_m9_v3_a_aisle_blockage" name="test_task_accounting_invariant_preserved_across_blockage" time="0.000" /><testcase classname="amr_fleet_core.test.test_m9_v3_a_aisle_blockage" name="test_node_handles_blockage_event_end_to_end" time="1.552" /><testcase classname="amr_fleet_core.test.test_m9_v3_d_dynamic_tasks" name="test_unconverged_bundle_must_not_start_execution" time="1.025" /><testcase classname="amr_fleet_core.test.test_m9_v3_d_dynamic_tasks" name="test_converged_bundle_may_execute" time="0.972" /><testcase classname="amr_fleet_core.test.test_m9_v3_d_dynamic_tasks" name="test_task_already_in_progress_survives_dynamic_release" time="0.002" /><testcase classname="amr_fleet_core.test.test_m9_v3_d_dynamic_tasks" name="test_staged_tasks_cannot_enter_cbba" time="0.007" /><testcase classname="amr_fleet_core.test.test_m9_v3_d_dynamic_tasks" name="test_accounting_invariant_sums_to_generated_tasks" time="0.000" /><testcase classname="amr_fleet_core.test.test_m9_v3_d_dynamic_tasks" name="test_c_staged_tasks_excluded_from_cbba_bidding" time="0.005" /><testcase classname="amr_fleet_core.test.test_m9_v3_d_dynamic_tasks" name="test_e_in_progress_tasks_preserved" time="0.002" /><testcase classname="amr_fleet_core.test.test_m9_v3_d_dynamic_tasks" name="test_a_future_task_remains_staged" time="0.000" /><testcase classname="amr_fleet_core.test.test_m9_v3_d_dynamic_tasks" name="test_b_transition_staged_to_pending_at_release_time" time="0.000" /><testcase classname="amr_fleet_core.test.test_m9_v3_d_dynamic_tasks" name="test_d_newly_released_tasks_bid_and_converge" time="0.315" /><testcase classname="amr_fleet_core.test.test_m9_v3_d_dynamic_tasks" name="test_f_no_duplicate_allocation_or_dropped_tasks" time="0.339" /><testcase classname="amr_fleet_core.test.test_m9_v3_d_dynamic_tasks" name="test_g_deterministic_replay" time="0.007" /><testcase classname="amr_fleet_core.test.test_m9_v3_e_combined_stress" name="test_v3_e_cli_argument_resolution" time="0.001" /><testcase classname="amr_fleet_core.test.test_m9_v3_e_combined_stress" name="test_v3_e_communication_schedule_transitions" time="0.000" /><testcase classname="amr_fleet_core.test.test_m9_v3_e_combined_stress" name="test_v3_e_impairment_model_dynamic_toggle" time="0.001" /><testcase classname="amr_fleet_core.test.test_m9_v3_e_combined_stress" name="test_v3_e_rh_node_handles_comm_profile_event" time="1.182" /><testcase classname="amr_fleet_core.test.test_m9_v3_e_combined_stress" name="test_v3_e_cbba_node_handles_comm_profile_event" time="0.462" /><testcase classname="amr_fleet_core.test.test_m9_v3_e_combined_stress" name="test_v3_e_task_accounting_invariant_holds" time="0.000" /><testcase classname="amr_fleet_core.test.test_m9_v3_e_combined_stress" name="test_v3_e_combined_event_timeline_consistency" time="0.000" /><testcase classname="amr_fleet_core.test.test_operator_task_control" name="test_task_model_operator_transitions" time="0.000" /><testcase classname="amr_fleet_core.test.test_operator_task_control" name="test_task_model_invalid_requeue" time="0.000" /><testcase classname="amr_fleet_core.test.test_operator_task_control" name="test_task_creation_bounds_and_validation" time="0.039" /><testcase classname="amr_fleet_core.test.test_operator_task_control" name="test_task_control_cancel_and_requeue" time="0.034" /><testcase classname="amr_fleet_core.test.test_operator_task_control" name="test_cbba_direct_constraint_auction" time="0.000" /><testcase classname="amr_fleet_core.test.test_pep257" name="test_pep257" time="0.747" /><testcase classname="amr_fleet_core.test.test_resilience_dashboard.TestResilienceDashboardComponents" name="test_m3_recovery_pipeline_tracker_stages" time="0.001" /><testcase classname="amr_fleet_core.test.test_resilience_dashboard.TestResilienceDashboardComponents" name="test_recovery_pipeline_tracker_stages" time="0.000" /><testcase classname="amr_fleet_core.test.test_resilience_dashboard.TestResilienceDashboardComponents" name="test_robot_health_tracker_serialization" time="0.000" /><testcase classname="amr_fleet_core.test.test_resilience_dashboard.TestResilienceDashboardServer" name="test_get_api_state" time="0.380" /><testcase classname="amr_fleet_core.test.test_resilience_dashboard.TestResilienceDashboardServer" name="test_get_export_endpoints" time="0.004" /><testcase classname="amr_fleet_core.test.test_resilience_dashboard.TestResilienceDashboardServer" name="test_get_index_html" time="0.002" /><testcase classname="amr_fleet_core.test.test_resilience_dashboard.TestResilienceDashboardServer" name="test_get_m4_status" time="0.002" /><testcase classname="amr_fleet_core.test.test_resilience_dashboard.TestResilienceDashboardServer" name="test_network_telemetry_in_state" time="0.004" /><testcase classname="amr_fleet_core.test.test_resilience_dashboard.TestResilienceDashboardServer" name="test_post_environment_blockage_and_step" time="11.278" /><testcase classname="amr_fleet_core.test.test_resilience_dashboard.TestResilienceDashboardServer" name="test_post_environment_conflict" time="0.003" /><testcase classname="amr_fleet_core.test.test_resilience_dashboard.TestResilienceDashboardServer" name="test_post_fault_injection_and_restore" time="0.011" /><testcase classname="amr_fleet_core.test.test_resilience_dashboard.TestResilienceDashboardServer" name="test_post_fleet_estop_and_resume" time="0.029" /><testcase classname="amr_fleet_core.test.test_resilience_dashboard.TestResilienceDashboardServer" name="test_post_m4_inject_compound" time="0.003" /><testcase classname="amr_fleet_core.test.test_resilience_dashboard.TestResilienceDashboardServer" name="test_post_network_impairment_and_reconnect" time="0.008" /><testcase classname="amr_fleet_core.test.test_resilience_dashboard.TestResilienceDashboardServer" name="test_post_scenario_trigger_m1_a" time="0.004" /><testcase classname="amr_fleet_core.test.test_resilience_dashboard.TestResilienceDashboardServer" name="test_post_scenario_trigger_m2_a" time="0.004" /><testcase classname="amr_fleet_core.test.test_resilience_dashboard.TestResilienceDashboardServer" name="test_post_scenario_trigger_m3_a" time="0.003" /><testcase classname="amr_fleet_core.test.test_resilience_dashboard.TestResilienceDashboardServer" name="test_post_scenario_trigger_m4_g" time="0.003" /><testcase classname="amr_fleet_core.test.test_resilience_dashboard.TestResilienceDashboardServer" name="test_provenance_and_invariants_reported" time="3.432" /><testcase classname="amr_fleet_core.test.test_rh_horizon" name="test_horizon_truncation" time="0.002" /><testcase classname="amr_fleet_core.test.test_rh_horizon" name="test_replan_on_new_bundle" time="0.001" /><testcase classname="amr_fleet_core.test.test_rh_horizon" name="test_replan_on_goal_reached" time="0.001" /><testcase classname="amr_fleet_core.test.test_rh_horizon" name="test_replan_on_window_expiration" time="0.002" /><testcase classname="amr_fleet_core.test.test_rh_horizon" name="test_plan_dict_serialization" time="0.002" /><testcase classname="amr_fleet_core.test.test_rh_planning" name="test_astar_straight_line" time="0.000" /><testcase classname="amr_fleet_core.test.test_rh_planning" name="test_astar_around_obstacle" time="0.001" /><testcase classname="amr_fleet_core.test.test_rh_planning" name="test_astar_unreachable_goal" time="0.001" /><testcase classname="amr_fleet_core.test.test_rh_planning" name="test_astar_start_equals_goal" time="0.000" /><testcase classname="amr_fleet_core.test.test_rh_planning" name="test_astar_deterministic" time="0.002" /><testcase classname="amr_fleet_core.test.test_rh_planning" name="test_rh_planner_empty_bundle" time="0.001" /><testcase classname="amr_fleet_core.test.test_rh_planning" name="test_rh_planner_single_task" time="0.001" /><testcase classname="amr_fleet_core.test.test_rh_sequencing" name="test_priority_first_sequencing" time="0.000" /><testcase classname="amr_fleet_core.test.test_rh_sequencing" name="test_shortest_path_first_sequencing" time="0.000" /><testcase classname="amr_fleet_core.test.test_rh_sequencing" name="test_deadline_first_sequencing" time="0.000" /><testcase classname="amr_fleet_core.test.test_rh_sequencing" name="test_bundle_preservation" time="0.000" /><testcase classname="amr_fleet_core.test.test_rh_sequencing" name="test_sub_goal_progression" time="0.001" /><testcase classname="amr_fleet_core.test.test_state_machine" name="test_state_machine_initialization" time="0.000" /><testcase classname="amr_fleet_core.test.test_state_machine" name="test_valid_lifecycle_transitions" time="0.000" /><testcase classname="amr_fleet_core.test.test_state_machine" name="test_invalid_lifecycle_transition_raises" time="0.000" /><testcase classname="amr_fleet_core.test.test_state_machine" name="test_fault_and_recovery" time="0.000" /><testcase classname="amr_fleet_core.test.test_task_generator" name="test_generator_determinism_identical_seed" time="0.001" /><testcase classname="amr_fleet_core.test.test_task_generator" name="test_generator_seed_divergence" time="0.001" /><testcase classname="amr_fleet_core.test.test_task_generator" name="test_generator_spatial_validity_and_obstacle_avoidance" time="0.001" /><testcase classname="amr_fleet_core.test.test_task_generator" name="test_generator_priority_distribution" time="0.001" /><testcase classname="amr_fleet_core.test.test_task_generator" name="test_generator_deadlines" time="0.000" /><testcase classname="amr_fleet_core.test.test_task_generator" name="test_generator_independence_from_robot_allocation" time="0.000" /><testcase classname="amr_fleet_core.test.test_task_generator" name="test_unique_task_ids" time="0.001" /><testcase classname="amr_fleet_core.test.test_task_model" name="test_task_initialization" time="0.000" /><testcase classname="amr_fleet_core.test.test_task_model" name="test_valid_lifecycle_nominal_flow" time="0.000" /><testcase classname="amr_fleet_core.test.test_task_model" name="test_valid_cancellation_and_failure_paths" time="0.000" /><testcase classname="amr_fleet_core.test.test_task_model" name="test_task_preemption_unassign" time="0.000" /><testcase classname="amr_fleet_core.test.test_task_model" name="test_invalid_state_transitions" time="0.000" /><testcase classname="amr_fleet_core.test.test_task_model" name="test_task_serialization_roundtrip" time="0.000" /><testcase classname="amr_fleet_core.test.test_workload" name="test_load_small_deterministic" time="0.003" /><testcase classname="amr_fleet_core.test.test_workload" name="test_load_medium_priority" time="0.002" /><testcase classname="amr_fleet_core.test.test_workload" name="test_load_benchmark_deadlines" time="0.002" /><testcase classname="amr_fleet_core.test.test_workload" name="test_load_explicit_sample" time="0.002" /><testcase classname="amr_fleet_core.test.test_workload" name="test_save_and_load_roundtrip" time="0.011" /></testsuite></testsuites>