<?xml version="1.0" encoding="utf-8"?><testsuites><testsuite name="pytest" errors="0" failures="0" skipped="0" tests="13" time="4.181" timestamp="2026-09-18T09:59:11.965735" hostname="Raze"><testcase classname="amr_fleet_sim.test.test_copyright" name="test_copyright" time="0.466" /><testcase classname="amr_fleet_sim.test.test_flake8" name="test_flake8" time="2.099" /><testcase classname="amr_fleet_sim.test.test_grid_world" name="test_grid_initialization" time="0.002" /><testcase classname="amr_fleet_sim.test.test_grid_world" name="test_invalid_dimensions" time="0.008" /><testcase classname="amr_fleet_sim.test.test_grid_world" name="test_out_of_bounds_obstacle" time="0.004" /><testcase classname="amr_fleet_sim.test.test_grid_world" name="test_neighbors_with_obstacles" time="0.001" /><testcase classname="amr_fleet_sim.test.test_grid_world" name="test_manhattan_distance" time="0.002" /><testcase classname="amr_fleet_sim.test.test_grid_world" name="test_vertex_and_edge_conflicts" time="0.002" /><testcase classname="amr_fleet_sim.test.test_grid_world" name="test_from_ascii" time="0.002" /><testcase classname="amr_fleet_sim.test.test_grid_world" name="test_coordinate_conversion" time="0.011" /><testcase classname="amr_fleet_sim.test.test_grid_world" name="test_create_warehouse_grid" time="0.009" /><testcase classname="amr_fleet_sim.test.test_grid_world" name="test_from_yaml_m9_v1" time="0.232" /><testcase classname="amr_fleet_sim.test.test_pep257" name="test_pep257" time="0.187" /></testsuite></testsuites>